2024-03-06 17:42:42:4242 - [32minfo[39m: [32mAplicação está funcionando na porta: 3000[39m
2024-03-06 17:43:49:4349 - [32minfo[39m: [32mConectou ao banco de dados![39m
2024-03-06 17:43:49:4349 - [32minfo[39m: [32mAplicação está funcionando na porta: 3000[39m
2024-03-06 17:44:08:448 - [32minfo[39m: [32mConectou ao banco de dados![39m
2024-03-06 17:44:08:448 - [32minfo[39m: [32mAplicação está funcionando na porta: 3000[39m
2024-03-06 17:45:00:450 - [32minfo[39m: [32mConectou ao banco de dados![39m
2024-03-06 17:45:00:450 - [32minfo[39m: [32mAplicação está funcionando na porta: 3000[39m
2024-03-06 17:45:16:4516 - [31merror[39m: [31mNão foi possivel conectar![39m
2024-03-06 17:45:25:4525 - [32minfo[39m: [32mConectou ao banco de dados![39m
2024-03-06 17:45:25:4525 - [32minfo[39m: [32mAplicação está funcionando na porta: 3000[39m
2024-03-06 17:46:07:467 - [32minfo[39m: [32mConectou ao banco de dados![39m
2024-03-06 17:46:07:467 - [32minfo[39m: [32mAplicação está funcionando na porta: 3000[39m
2024-03-06 17:46:14:4614 - [32minfo[39m: [32mConectou ao banco de dados![39m
2024-03-06 17:46:14:4614 - [32minfo[39m: [32mAplicação está funcionando na porta: 3000[39m
2024-03-06 17:59:49:5949 - [32minfo[39m: [32mConectou ao banco de dados![39m
2024-03-06 17:59:49:5949 - [32minfo[39m: [32mAplicação está funcionando na porta: 3000[39m
2024-03-06 18:00:21:021 - [32minfo[39m: [32mConectou ao banco de dados![39m
2024-03-06 18:00:21:021 - [32minfo[39m: [32mAplicação está funcionando na porta: 3000[39m
2024-03-06 18:01:01:11 - [32minfo[39m: [32mConectou ao banco de dados![39m
2024-03-06 18:01:01:11 - [32minfo[39m: [32mAplicação está funcionando na porta: 3000[39m
2024-03-06 18:01:04:14 - [35mhttp[39m: [35mGET : url : status 12 - 1.716 ms[39m
[35m[39m
